  main.cpp
C:\Users\infin\Desktop\OOPs_Final_project\QuattroRealm_final\main.cpp(60,64): warning C4244: 'argument': conversion from 'int' to 'T', possible loss of data
C:\Users\infin\Desktop\OOPs_Final_project\QuattroRealm_final\main.cpp(60,64): warning C4244:         with
C:\Users\infin\Desktop\OOPs_Final_project\QuattroRealm_final\main.cpp(60,64): warning C4244:         [
C:\Users\infin\Desktop\OOPs_Final_project\QuattroRealm_final\main.cpp(60,64): warning C4244:             T=float
C:\Users\infin\Desktop\OOPs_Final_project\QuattroRealm_final\main.cpp(60,64): warning C4244:         ]
C:\Users\infin\Desktop\OOPs_Final_project\QuattroRealm_final\main.cpp(60,54): warning C4244: 'argument': conversion from 'int' to 'T', possible loss of data
C:\Users\infin\Desktop\OOPs_Final_project\QuattroRealm_final\main.cpp(60,54): warning C4244:         with
C:\Users\infin\Desktop\OOPs_Final_project\QuattroRealm_final\main.cpp(60,54): warning C4244:         [
C:\Users\infin\Desktop\OOPs_Final_project\QuattroRealm_final\main.cpp(60,54): warning C4244:             T=float
C:\Users\infin\Desktop\OOPs_Final_project\QuattroRealm_final\main.cpp(60,54): warning C4244:         ]
C:\Users\infin\Desktop\OOPs_Final_project\QuattroRealm_final\main.cpp(61,50): warning C4244: 'argument': conversion from 'int' to 'float', possible loss of data
C:\Users\infin\Desktop\OOPs_Final_project\QuattroRealm_final\main.cpp(61,36): warning C4244: 'argument': conversion from 'int' to 'float', possible loss of data
C:\Users\infin\Desktop\OOPs_Final_project\QuattroRealm_final\main.cpp(186,21): warning C4244: 'initializing': conversion from 'float' to 'int', possible loss of data
C:\Users\infin\Desktop\OOPs_Final_project\QuattroRealm_final\main.cpp(187,21): warning C4244: 'initializing': conversion from 'float' to 'int', possible loss of data
C:\Users\infin\Desktop\OOPs_Final_project\QuattroRealm_final\main.cpp(195,21): warning C4244: 'initializing': conversion from 'float' to 'int', possible loss of data
C:\Users\infin\Desktop\OOPs_Final_project\QuattroRealm_final\main.cpp(196,21): warning C4244: 'initializing': conversion from 'float' to 'int', possible loss of data
C:\Users\infin\Desktop\OOPs_Final_project\QuattroRealm_final\main.cpp(219,21): warning C4244: 'initializing': conversion from 'float' to 'int', possible loss of data
C:\Users\infin\Desktop\OOPs_Final_project\QuattroRealm_final\main.cpp(220,21): warning C4244: 'initializing': conversion from 'float' to 'int', possible loss of data
C:\Users\infin\Desktop\OOPs_Final_project\QuattroRealm_final\main.cpp(248,21): warning C4244: 'initializing': conversion from 'float' to 'int', possible loss of data
C:\Users\infin\Desktop\OOPs_Final_project\QuattroRealm_final\main.cpp(249,21): warning C4244: 'initializing': conversion from 'float' to 'int', possible loss of data
C:\Users\infin\Desktop\OOPs_Final_project\QuattroRealm_final\main.cpp(257,21): warning C4244: 'initializing': conversion from 'float' to 'int', possible loss of data
C:\Users\infin\Desktop\OOPs_Final_project\QuattroRealm_final\main.cpp(258,21): warning C4244: 'initializing': conversion from 'float' to 'int', possible loss of data
C:\Users\infin\Desktop\OOPs_Final_project\QuattroRealm_final\main.cpp(285,21): warning C4244: 'initializing': conversion from 'float' to 'int', possible loss of data
C:\Users\infin\Desktop\OOPs_Final_project\QuattroRealm_final\main.cpp(286,21): warning C4244: 'initializing': conversion from 'float' to 'int', possible loss of data
C:\Users\infin\Desktop\OOPs_Final_project\QuattroRealm_final\main.cpp(298,21): warning C4244: 'initializing': conversion from 'float' to 'int', possible loss of data
C:\Users\infin\Desktop\OOPs_Final_project\QuattroRealm_final\main.cpp(299,21): warning C4244: 'initializing': conversion from 'float' to 'int', possible loss of data
C:\Users\infin\Desktop\OOPs_Final_project\QuattroRealm_final\main.cpp(504,23): warning C4244: 'initializing': conversion from 'T' to 'int', possible loss of data
C:\Users\infin\Desktop\OOPs_Final_project\QuattroRealm_final\main.cpp(504,23): warning C4244:         with
C:\Users\infin\Desktop\OOPs_Final_project\QuattroRealm_final\main.cpp(504,23): warning C4244:         [
C:\Users\infin\Desktop\OOPs_Final_project\QuattroRealm_final\main.cpp(504,23): warning C4244:             T=float
C:\Users\infin\Desktop\OOPs_Final_project\QuattroRealm_final\main.cpp(504,23): warning C4244:         ]
C:\Users\infin\Desktop\OOPs_Final_project\QuattroRealm_final\main.cpp(505,23): warning C4244: 'initializing': conversion from 'T' to 'int', possible loss of data
C:\Users\infin\Desktop\OOPs_Final_project\QuattroRealm_final\main.cpp(505,23): warning C4244:         with
C:\Users\infin\Desktop\OOPs_Final_project\QuattroRealm_final\main.cpp(505,23): warning C4244:         [
C:\Users\infin\Desktop\OOPs_Final_project\QuattroRealm_final\main.cpp(505,23): warning C4244:             T=float
C:\Users\infin\Desktop\OOPs_Final_project\QuattroRealm_final\main.cpp(505,23): warning C4244:         ]
C:\Users\infin\Desktop\OOPs_Final_project\QuattroRealm_final\main.cpp(564,15): warning C4267: 'initializing': conversion from 'size_t' to 'int', possible loss of data
C:\Users\infin\Desktop\OOPs_Final_project\QuattroRealm_final\main.cpp(1012,65): warning C4244: 'argument': conversion from 'int' to 'float', possible loss of data
C:\Users\infin\Desktop\OOPs_Final_project\QuattroRealm_final\main.cpp(1012,60): warning C4244: 'argument': conversion from 'int' to 'float', possible loss of data
C:\Users\infin\Desktop\OOPs_Final_project\QuattroRealm_final\main.cpp(1050,17): warning C4244: 'initializing': conversion from 'T' to 'int', possible loss of data
C:\Users\infin\Desktop\OOPs_Final_project\QuattroRealm_final\main.cpp(1050,17): warning C4244:         with
C:\Users\infin\Desktop\OOPs_Final_project\QuattroRealm_final\main.cpp(1050,17): warning C4244:         [
C:\Users\infin\Desktop\OOPs_Final_project\QuattroRealm_final\main.cpp(1050,17): warning C4244:             T=float
C:\Users\infin\Desktop\OOPs_Final_project\QuattroRealm_final\main.cpp(1050,17): warning C4244:         ]
C:\Users\infin\Desktop\OOPs_Final_project\QuattroRealm_final\main.cpp(1051,17): warning C4244: 'initializing': conversion from 'T' to 'int', possible loss of data
C:\Users\infin\Desktop\OOPs_Final_project\QuattroRealm_final\main.cpp(1051,17): warning C4244:         with
C:\Users\infin\Desktop\OOPs_Final_project\QuattroRealm_final\main.cpp(1051,17): warning C4244:         [
C:\Users\infin\Desktop\OOPs_Final_project\QuattroRealm_final\main.cpp(1051,17): warning C4244:             T=float
C:\Users\infin\Desktop\OOPs_Final_project\QuattroRealm_final\main.cpp(1051,17): warning C4244:         ]
main.obj : error LNK2019: unresolved external symbol "__declspec(dllimport) public: __cdecl sf::String::String(char const *,class std::locale const &)" (__imp_??0String@sf@@QEAA@PEBDAEBVlocale@std@@@Z) referenced in function "void __cdecl `dynamic initializer for 'window''(void)" (??__Ewindow@@YAXXZ)
main.obj : error LNK2019: unresolved external symbol "__declspec(dllimport) public: __cdecl sf::String::String(class std::basic_string<char,struct std::char_traits<char>,class std::allocator<char> > const &,class std::locale const &)" (__imp_??0String@sf@@QEAA@AEBV?$basic_string@DU?$char_traits@D@std@@V?$allocator@D@2@@std@@AEBVlocale@3@@Z) referenced in function "void __cdecl displayMessage(class sf::RenderWindow &,class std::basic_string<char,struct std::char_traits<char>,class std::allocator<char> > const &)" (?displayMessage@@YAXAEAVRenderWindow@sf@@AEBV?$basic_string@DU?$char_traits@D@std@@V?$allocator@D@2@@std@@@Z)
main.obj : error LNK2019: unresolved external symbol "__declspec(dllimport) public: __cdecl sf::String::~String(void)" (__imp_??1String@sf@@QEAA@XZ) referenced in function "void __cdecl `dynamic initializer for 'window''(void)" (??__Ewindow@@YAXXZ)
main.obj : error LNK2019: unresolved external symbol "__declspec(dllimport) public: static class sf::Vector2<int> __cdecl sf::Mouse::getPosition(class sf::WindowBase const &)" (__imp_?getPosition@Mouse@sf@@SA?AV?$Vector2@H@2@AEBVWindowBase@2@@Z) referenced in function "public: void __cdecl GameManager::handleEvents(void)" (?handleEvents@GameManager@@QEAAXXZ)
main.obj : error LNK2019: unresolved external symbol "__declspec(dllimport) public: __cdecl sf::VideoMode::VideoMode(unsigned int,unsigned int,unsigned int)" (__imp_??0VideoMode@sf@@QEAA@III@Z) referenced in function "void __cdecl `dynamic initializer for 'window''(void)" (??__Ewindow@@YAXXZ)
main.obj : error LNK2019: unresolved external symbol "__declspec(dllimport) public: bool __cdecl sf::WindowBase::isOpen(void)const " (__imp_?isOpen@WindowBase@sf@@QEBA_NXZ) referenced in function "public: void __cdecl GameManager::startGame(void)" (?startGame@GameManager@@QEAAXXZ)
main.obj : error LNK2019: unresolved external symbol "__declspec(dllimport) public: bool __cdecl sf::WindowBase::pollEvent(class sf::Event &)" (__imp_?pollEvent@WindowBase@sf@@QEAA_NAEAVEvent@2@@Z) referenced in function "public: void __cdecl GameManager::handleEvents(void)" (?handleEvents@GameManager@@QEAAXXZ)
main.obj : error LNK2019: unresolved external symbol "__declspec(dllimport) public: void __cdecl sf::Window::display(void)" (__imp_?display@Window@sf@@QEAAXXZ) referenced in function "void __cdecl displayMessage(class sf::RenderWindow &,class std::basic_string<char,struct std::char_traits<char>,class std::allocator<char> > const &)" (?displayMessage@@YAXAEAVRenderWindow@sf@@AEBV?$basic_string@DU?$char_traits@D@std@@V?$allocator@D@2@@std@@@Z)
main.obj : error LNK2019: unresolved external symbol "__declspec(dllimport) public: void __cdecl sf::Transformable::setPosition(float,float)" (__imp_?setPosition@Transformable@sf@@QEAAXMM@Z) referenced in function "void __cdecl displayMessage(class sf::RenderWindow &,class std::basic_string<char,struct std::char_traits<char>,class std::allocator<char> > const &)" (?displayMessage@@YAXAEAVRenderWindow@sf@@AEBV?$basic_string@DU?$char_traits@D@std@@V?$allocator@D@2@@std@@@Z)
main.obj : error LNK2019: unresolved external symbol "__declspec(dllimport) public: class sf::Vector2<float> const & __cdecl sf::Transformable::getPosition(void)const " (__imp_?getPosition@Transformable@sf@@QEBAAEBV?$Vector2@M@2@XZ) referenced in function "public: virtual bool __cdecl Commander::canCapture(int,int)const " (?canCapture@Commander@@UEBA_NHH@Z)
main.obj : error LNK2019: unresolved external symbol "__declspec(dllimport) public: __cdecl sf::Color::Color(unsigned char,unsigned char,unsigned char,unsigned char)" (__imp_??0Color@sf@@QEAA@EEEE@Z) referenced in function "public: __cdecl Board::Board(int,int,int)" (??0Board@@QEAA@HHH@Z)
main.obj : error LNK2019: unresolved external symbol "__declspec(dllimport) public: void __cdecl sf::Shape::setFillColor(class sf::Color const &)" (__imp_?setFillColor@Shape@sf@@QEAAXAEBVColor@2@@Z) referenced in function "public: void __cdecl Board::draw(class sf::RenderWindow &)" (?draw@Board@@QEAAXAEAVRenderWindow@sf@@@Z)
main.obj : error LNK2019: unresolved external symbol "__declspec(dllimport) public: __cdecl sf::Texture::Texture(void)" (__imp_??0Texture@sf@@QEAA@XZ) referenced in function "public: __cdecl Piece::Piece(int,class std::basic_string<char,struct std::char_traits<char>,class std::allocator<char> >)" (??0Piece@@QEAA@HV?$basic_string@DU?$char_traits@D@std@@V?$allocator@D@2@@std@@@Z)
main.obj : error LNK2019: unresolved external symbol "__declspec(dllimport) public: __cdecl sf::Texture::~Texture(void)" (__imp_??1Texture@sf@@QEAA@XZ) referenced in function "int `public: __cdecl Piece::Piece(int,class std::basic_string<char,struct std::char_traits<char>,class std::allocator<char> >)'::`1'::dtor$1" (?dtor$1@?0???0Piece@@QEAA@HV?$basic_string@DU?$char_traits@D@std@@V?$allocator@D@2@@std@@@Z@4HA)
main.obj : error LNK2019: unresolved external symbol "__declspec(dllimport) public: bool __cdecl sf::Texture::loadFromFile(class std::basic_string<char,struct std::char_traits<char>,class std::allocator<char> > const &,class sf::Rect<int> const &)" (__imp_?loadFromFile@Texture@sf@@QEAA_NAEBV?$basic_string@DU?$char_traits@D@std@@V?$allocator@D@2@@std@@AEBV?$Rect@H@2@@Z) referenced in function "public: __cdecl Commander::Commander(int,class std::basic_string<char,struct std::char_traits<char>,class std::allocator<char> >)" (??0Commander@@QEAA@HV?$basic_string@DU?$char_traits@D@std@@V?$allocator@D@2@@std@@@Z)
main.obj : error LNK2019: unresolved external symbol "__declspec(dllimport) public: __cdecl sf::Font::Font(void)" (__imp_??0Font@sf@@QEAA@XZ) referenced in function "void __cdecl displayMessage(class sf::RenderWindow &,class std::basic_string<char,struct std::char_traits<char>,class std::allocator<char> > const &)" (?displayMessage@@YAXAEAVRenderWindow@sf@@AEBV?$basic_string@DU?$char_traits@D@std@@V?$allocator@D@2@@std@@@Z)
main.obj : error LNK2019: unresolved external symbol "__declspec(dllimport) public: __cdecl sf::Font::~Font(void)" (__imp_??1Font@sf@@QEAA@XZ) referenced in function "void __cdecl displayMessage(class sf::RenderWindow &,class std::basic_string<char,struct std::char_traits<char>,class std::allocator<char> > const &)" (?displayMessage@@YAXAEAVRenderWindow@sf@@AEBV?$basic_string@DU?$char_traits@D@std@@V?$allocator@D@2@@std@@@Z)
main.obj : error LNK2019: unresolved external symbol "__declspec(dllimport) public: bool __cdecl sf::Font::loadFromFile(class std::basic_string<char,struct std::char_traits<char>,class std::allocator<char> > const &)" (__imp_?loadFromFile@Font@sf@@QEAA_NAEBV?$basic_string@DU?$char_traits@D@std@@V?$allocator@D@2@@std@@@Z) referenced in function "void __cdecl displayMessage(class sf::RenderWindow &,class std::basic_string<char,struct std::char_traits<char>,class std::allocator<char> > const &)" (?displayMessage@@YAXAEAVRenderWindow@sf@@AEBV?$basic_string@DU?$char_traits@D@std@@V?$allocator@D@2@@std@@@Z)
main.obj : error LNK2019: unresolved external symbol "__declspec(dllimport) public: __cdecl sf::RectangleShape::RectangleShape(class sf::Vector2<float> const &)" (__imp_??0RectangleShape@sf@@QEAA@AEBV?$Vector2@M@1@@Z) referenced in function "public: void __cdecl Board::draw(class sf::RenderWindow &)" (?draw@Board@@QEAAXAEAVRenderWindow@sf@@@Z)
main.obj : error LNK2019: unresolved external symbol "__declspec(dllimport) public: virtual __cdecl sf::RectangleShape::~RectangleShape(void)" (__imp_??1RectangleShape@sf@@UEAA@XZ) referenced in function "public: void __cdecl Board::draw(class sf::RenderWindow &)" (?draw@Board@@QEAAXAEAVRenderWindow@sf@@@Z)
main.obj : error LNK2019: unresolved external symbol "__declspec(dllimport) public: void __cdecl sf::RenderTarget::clear(class sf::Color const &)" (__imp_?clear@RenderTarget@sf@@QEAAXAEBVColor@2@@Z) referenced in function "void __cdecl displayMessage(class sf::RenderWindow &,class std::basic_string<char,struct std::char_traits<char>,class std::allocator<char> > const &)" (?displayMessage@@YAXAEAVRenderWindow@sf@@AEBV?$basic_string@DU?$char_traits@D@std@@V?$allocator@D@2@@std@@@Z)
main.obj : error LNK2019: unresolved external symbol "__declspec(dllimport) public: void __cdecl sf::RenderTarget::draw(class sf::Drawable const &,class sf::RenderStates const &)" (__imp_?draw@RenderTarget@sf@@QEAAXAEBVDrawable@2@AEBVRenderStates@2@@Z) referenced in function "void __cdecl displayMessage(class sf::RenderWindow &,class std::basic_string<char,struct std::char_traits<char>,class std::allocator<char> > const &)" (?displayMessage@@YAXAEAVRenderWindow@sf@@AEBV?$basic_string@DU?$char_traits@D@std@@V?$allocator@D@2@@std@@@Z)
main.obj : error LNK2019: unresolved external symbol "__declspec(dllimport) public: __cdecl sf::RenderWindow::RenderWindow(class sf::VideoMode,class sf::String const &,unsigned int,struct sf::ContextSettings const &)" (__imp_??0RenderWindow@sf@@QEAA@VVideoMode@1@AEBVString@1@IAEBUContextSettings@1@@Z) referenced in function "void __cdecl `dynamic initializer for 'window''(void)" (??__Ewindow@@YAXXZ)
main.obj : error LNK2019: unresolved external symbol "__declspec(dllimport) public: virtual __cdecl sf::RenderWindow::~RenderWindow(void)" (__imp_??1RenderWindow@sf@@UEAA@XZ) referenced in function "void __cdecl `dynamic atexit destructor for 'window''(void)" (??__Fwindow@@YAXXZ)
main.obj : error LNK2019: unresolved external symbol "__declspec(dllimport) public: __cdecl sf::Sprite::Sprite(void)" (__imp_??0Sprite@sf@@QEAA@XZ) referenced in function "public: __cdecl Piece::Piece(int,class std::basic_string<char,struct std::char_traits<char>,class std::allocator<char> >)" (??0Piece@@QEAA@HV?$basic_string@DU?$char_traits@D@std@@V?$allocator@D@2@@std@@@Z)
main.obj : error LNK2019: unresolved external symbol "__declspec(dllimport) public: void __cdecl sf::Sprite::setTexture(class sf::Texture const &,bool)" (__imp_?setTexture@Sprite@sf@@QEAAXAEBVTexture@2@_N@Z) referenced in function "public: __cdecl Commander::Commander(int,class std::basic_string<char,struct std::char_traits<char>,class std::allocator<char> >)" (??0Commander@@QEAA@HV?$basic_string@DU?$char_traits@D@std@@V?$allocator@D@2@@std@@@Z)
main.obj : error LNK2019: unresolved external symbol "__declspec(dllimport) public: virtual __cdecl sf::Sprite::~Sprite(void)" (__imp_??1Sprite@sf@@UEAA@XZ) referenced in function "int `public: __cdecl Piece::Piece(int,class std::basic_string<char,struct std::char_traits<char>,class std::allocator<char> >)'::`1'::dtor$2" (?dtor$2@?0???0Piece@@QEAA@HV?$basic_string@DU?$char_traits@D@std@@V?$allocator@D@2@@std@@@Z@4HA)
main.obj : error LNK2019: unresolved external symbol "__declspec(dllimport) public: __cdecl sf::Text::Text(void)" (__imp_??0Text@sf@@QEAA@XZ) referenced in function "void __cdecl displayMessage(class sf::RenderWindow &,class std::basic_string<char,struct std::char_traits<char>,class std::allocator<char> > const &)" (?displayMessage@@YAXAEAVRenderWindow@sf@@AEBV?$basic_string@DU?$char_traits@D@std@@V?$allocator@D@2@@std@@@Z)
main.obj : error LNK2019: unresolved external symbol "__declspec(dllimport) public: void __cdecl sf::Text::setString(class sf::String const &)" (__imp_?setString@Text@sf@@QEAAXAEBVString@2@@Z) referenced in function "void __cdecl displayMessage(class sf::RenderWindow &,class std::basic_string<char,struct std::char_traits<char>,class std::allocator<char> > const &)" (?displayMessage@@YAXAEAVRenderWindow@sf@@AEBV?$basic_string@DU?$char_traits@D@std@@V?$allocator@D@2@@std@@@Z)
main.obj : error LNK2019: unresolved external symbol "__declspec(dllimport) public: void __cdecl sf::Text::setFont(class sf::Font const &)" (__imp_?setFont@Text@sf@@QEAAXAEBVFont@2@@Z) referenced in function "void __cdecl displayMessage(class sf::RenderWindow &,class std::basic_string<char,struct std::char_traits<char>,class std::allocator<char> > const &)" (?displayMessage@@YAXAEAVRenderWindow@sf@@AEBV?$basic_string@DU?$char_traits@D@std@@V?$allocator@D@2@@std@@@Z)
main.obj : error LNK2019: unresolved external symbol "__declspec(dllimport) public: void __cdecl sf::Text::setCharacterSize(unsigned int)" (__imp_?setCharacterSize@Text@sf@@QEAAXI@Z) referenced in function "void __cdecl displayMessage(class sf::RenderWindow &,class std::basic_string<char,struct std::char_traits<char>,class std::allocator<char> > const &)" (?displayMessage@@YAXAEAVRenderWindow@sf@@AEBV?$basic_string@DU?$char_traits@D@std@@V?$allocator@D@2@@std@@@Z)
main.obj : error LNK2019: unresolved external symbol "__declspec(dllimport) public: void __cdecl sf::Text::setFillColor(class sf::Color const &)" (__imp_?setFillColor@Text@sf@@QEAAXAEBVColor@2@@Z) referenced in function "void __cdecl displayMessage(class sf::RenderWindow &,class std::basic_string<char,struct std::char_traits<char>,class std::allocator<char> > const &)" (?displayMessage@@YAXAEAVRenderWindow@sf@@AEBV?$basic_string@DU?$char_traits@D@std@@V?$allocator@D@2@@std@@@Z)
main.obj : error LNK2019: unresolved external symbol "__declspec(dllimport) public: virtual __cdecl sf::Text::~Text(void)" (__imp_??1Text@sf@@UEAA@XZ) referenced in function "void __cdecl displayMessage(class sf::RenderWindow &,class std::basic_string<char,struct std::char_traits<char>,class std::allocator<char> > const &)" (?displayMessage@@YAXAEAVRenderWindow@sf@@AEBV?$basic_string@DU?$char_traits@D@std@@V?$allocator@D@2@@std@@@Z)
main.obj : error LNK2019: unresolved external symbol "__declspec(dllimport) public: static class sf::RenderStates const sf::RenderStates::Default" (__imp_?Default@RenderStates@sf@@2V12@B) referenced in function "void __cdecl displayMessage(class sf::RenderWindow &,class std::basic_string<char,struct std::char_traits<char>,class std::allocator<char> > const &)" (?displayMessage@@YAXAEAVRenderWindow@sf@@AEBV?$basic_string@DU?$char_traits@D@std@@V?$allocator@D@2@@std@@@Z)
main.obj : error LNK2019: unresolved external symbol "__declspec(dllimport) public: static class sf::Color const sf::Color::Black" (__imp_?Black@Color@sf@@2V12@B) referenced in function "public: __cdecl Board::Board(int,int,int)" (??0Board@@QEAA@HHH@Z)
main.obj : error LNK2019: unresolved external symbol "__declspec(dllimport) public: static class sf::Color const sf::Color::White" (__imp_?White@Color@sf@@2V12@B) referenced in function "public: __cdecl Board::Board(int,int,int)" (??0Board@@QEAA@HHH@Z)
main.obj : error LNK2019: unresolved external symbol "__declspec(dllimport) public: static class sf::Color const sf::Color::Red" (__imp_?Red@Color@sf@@2V12@B) referenced in function "public: __cdecl Board::Board(int,int,int)" (??0Board@@QEAA@HHH@Z)
main.obj : error LNK2019: unresolved external symbol "__declspec(dllimport) public: static class sf::Color const sf::Color::Green" (__imp_?Green@Color@sf@@2V12@B) referenced in function "public: __cdecl Board::Board(int,int,int)" (??0Board@@QEAA@HHH@Z)
main.obj : error LNK2019: unresolved external symbol "__declspec(dllimport) public: static class sf::Color const sf::Color::Blue" (__imp_?Blue@Color@sf@@2V12@B) referenced in function "public: __cdecl Board::Board(int,int,int)" (??0Board@@QEAA@HHH@Z)
main.obj : error LNK2019: unresolved external symbol "__declspec(dllimport) public: static class sf::Color const sf::Color::Yellow" (__imp_?Yellow@Color@sf@@2V12@B) referenced in function "public: __cdecl Board::Board(int,int,int)" (??0Board@@QEAA@HHH@Z)
main.obj : error LNK2019: unresolved external symbol "__declspec(dllimport) public: static class sf::Color const sf::Color::Cyan" (__imp_?Cyan@Color@sf@@2V12@B) referenced in function "void __cdecl displayMessage(class sf::RenderWindow &,class std::basic_string<char,struct std::char_traits<char>,class std::allocator<char> > const &)" (?displayMessage@@YAXAEAVRenderWindow@sf@@AEBV?$basic_string@DU?$char_traits@D@std@@V?$allocator@D@2@@std@@@Z)
C:\Users\infin\Desktop\SFML_Final\SFML-2.6.1\lib\sfml-system-d.lib : warning LNK4272: library machine type 'x86' conflicts with target machine type 'x64'
C:\Users\infin\Desktop\SFML_Final\SFML-2.6.1\lib\sfml-window-d.lib : warning LNK4272: library machine type 'x86' conflicts with target machine type 'x64'
C:\Users\infin\Desktop\SFML_Final\SFML-2.6.1\lib\sfml-graphics-d.lib : warning LNK4272: library machine type 'x86' conflicts with target machine type 'x64'
C:\Users\infin\Desktop\SFML_Final\SFML-2.6.1\lib\sfml-main-d.lib : warning LNK4272: library machine type 'x86' conflicts with target machine type 'x64'
C:\Users\infin\Desktop\OOPs_Final_project\QuattroRealm_final\x64\Debug\QuattroRealm_final.exe : fatal error LNK1120: 41 unresolved externals
