  main.cpp
C:\Users\infin\Desktop\OOPs_Final_project\QuattroRealm_final\main.cpp(63,64): warning C4244: 'argument': conversion from 'int' to 'T', possible loss of data
C:\Users\infin\Desktop\OOPs_Final_project\QuattroRealm_final\main.cpp(63,64): warning C4244:         with
C:\Users\infin\Desktop\OOPs_Final_project\QuattroRealm_final\main.cpp(63,64): warning C4244:         [
C:\Users\infin\Desktop\OOPs_Final_project\QuattroRealm_final\main.cpp(63,64): warning C4244:             T=float
C:\Users\infin\Desktop\OOPs_Final_project\QuattroRealm_final\main.cpp(63,64): warning C4244:         ]
C:\Users\infin\Desktop\OOPs_Final_project\QuattroRealm_final\main.cpp(63,54): warning C4244: 'argument': conversion from 'int' to 'T', possible loss of data
C:\Users\infin\Desktop\OOPs_Final_project\QuattroRealm_final\main.cpp(63,54): warning C4244:         with
C:\Users\infin\Desktop\OOPs_Final_project\QuattroRealm_final\main.cpp(63,54): warning C4244:         [
C:\Users\infin\Desktop\OOPs_Final_project\QuattroRealm_final\main.cpp(63,54): warning C4244:             T=float
C:\Users\infin\Desktop\OOPs_Final_project\QuattroRealm_final\main.cpp(63,54): warning C4244:         ]
C:\Users\infin\Desktop\OOPs_Final_project\QuattroRealm_final\main.cpp(64,50): warning C4244: 'argument': conversion from 'int' to 'float', possible loss of data
C:\Users\infin\Desktop\OOPs_Final_project\QuattroRealm_final\main.cpp(64,36): warning C4244: 'argument': conversion from 'int' to 'float', possible loss of data
C:\Users\infin\Desktop\OOPs_Final_project\QuattroRealm_final\main.cpp(182,21): warning C4244: 'initializing': conversion from 'float' to 'int', possible loss of data
C:\Users\infin\Desktop\OOPs_Final_project\QuattroRealm_final\main.cpp(183,21): warning C4244: 'initializing': conversion from 'float' to 'int', possible loss of data
C:\Users\infin\Desktop\OOPs_Final_project\QuattroRealm_final\main.cpp(191,21): warning C4244: 'initializing': conversion from 'float' to 'int', possible loss of data
C:\Users\infin\Desktop\OOPs_Final_project\QuattroRealm_final\main.cpp(192,21): warning C4244: 'initializing': conversion from 'float' to 'int', possible loss of data
C:\Users\infin\Desktop\OOPs_Final_project\QuattroRealm_final\main.cpp(215,21): warning C4244: 'initializing': conversion from 'float' to 'int', possible loss of data
C:\Users\infin\Desktop\OOPs_Final_project\QuattroRealm_final\main.cpp(216,21): warning C4244: 'initializing': conversion from 'float' to 'int', possible loss of data
C:\Users\infin\Desktop\OOPs_Final_project\QuattroRealm_final\main.cpp(244,21): warning C4244: 'initializing': conversion from 'float' to 'int', possible loss of data
C:\Users\infin\Desktop\OOPs_Final_project\QuattroRealm_final\main.cpp(245,21): warning C4244: 'initializing': conversion from 'float' to 'int', possible loss of data
C:\Users\infin\Desktop\OOPs_Final_project\QuattroRealm_final\main.cpp(253,21): warning C4244: 'initializing': conversion from 'float' to 'int', possible loss of data
C:\Users\infin\Desktop\OOPs_Final_project\QuattroRealm_final\main.cpp(254,21): warning C4244: 'initializing': conversion from 'float' to 'int', possible loss of data
C:\Users\infin\Desktop\OOPs_Final_project\QuattroRealm_final\main.cpp(281,21): warning C4244: 'initializing': conversion from 'float' to 'int', possible loss of data
C:\Users\infin\Desktop\OOPs_Final_project\QuattroRealm_final\main.cpp(282,21): warning C4244: 'initializing': conversion from 'float' to 'int', possible loss of data
C:\Users\infin\Desktop\OOPs_Final_project\QuattroRealm_final\main.cpp(294,21): warning C4244: 'initializing': conversion from 'float' to 'int', possible loss of data
C:\Users\infin\Desktop\OOPs_Final_project\QuattroRealm_final\main.cpp(295,21): warning C4244: 'initializing': conversion from 'float' to 'int', possible loss of data
C:\Users\infin\Desktop\OOPs_Final_project\QuattroRealm_final\main.cpp(367,23): warning C4244: 'initializing': conversion from 'T' to 'int', possible loss of data
C:\Users\infin\Desktop\OOPs_Final_project\QuattroRealm_final\main.cpp(367,23): warning C4244:         with
C:\Users\infin\Desktop\OOPs_Final_project\QuattroRealm_final\main.cpp(367,23): warning C4244:         [
C:\Users\infin\Desktop\OOPs_Final_project\QuattroRealm_final\main.cpp(367,23): warning C4244:             T=float
C:\Users\infin\Desktop\OOPs_Final_project\QuattroRealm_final\main.cpp(367,23): warning C4244:         ]
C:\Users\infin\Desktop\OOPs_Final_project\QuattroRealm_final\main.cpp(368,23): warning C4244: 'initializing': conversion from 'T' to 'int', possible loss of data
C:\Users\infin\Desktop\OOPs_Final_project\QuattroRealm_final\main.cpp(368,23): warning C4244:         with
C:\Users\infin\Desktop\OOPs_Final_project\QuattroRealm_final\main.cpp(368,23): warning C4244:         [
C:\Users\infin\Desktop\OOPs_Final_project\QuattroRealm_final\main.cpp(368,23): warning C4244:             T=float
C:\Users\infin\Desktop\OOPs_Final_project\QuattroRealm_final\main.cpp(368,23): warning C4244:         ]
C:\Users\infin\Desktop\OOPs_Final_project\QuattroRealm_final\main.cpp(885,65): warning C4244: 'argument': conversion from 'int' to 'float', possible loss of data
C:\Users\infin\Desktop\OOPs_Final_project\QuattroRealm_final\main.cpp(885,60): warning C4244: 'argument': conversion from 'int' to 'float', possible loss of data
C:\Users\infin\Desktop\OOPs_Final_project\QuattroRealm_final\main.cpp(923,17): warning C4244: 'initializing': conversion from 'T' to 'int', possible loss of data
C:\Users\infin\Desktop\OOPs_Final_project\QuattroRealm_final\main.cpp(923,17): warning C4244:         with
C:\Users\infin\Desktop\OOPs_Final_project\QuattroRealm_final\main.cpp(923,17): warning C4244:         [
C:\Users\infin\Desktop\OOPs_Final_project\QuattroRealm_final\main.cpp(923,17): warning C4244:             T=float
C:\Users\infin\Desktop\OOPs_Final_project\QuattroRealm_final\main.cpp(923,17): warning C4244:         ]
C:\Users\infin\Desktop\OOPs_Final_project\QuattroRealm_final\main.cpp(924,17): warning C4244: 'initializing': conversion from 'T' to 'int', possible loss of data
C:\Users\infin\Desktop\OOPs_Final_project\QuattroRealm_final\main.cpp(924,17): warning C4244:         with
C:\Users\infin\Desktop\OOPs_Final_project\QuattroRealm_final\main.cpp(924,17): warning C4244:         [
C:\Users\infin\Desktop\OOPs_Final_project\QuattroRealm_final\main.cpp(924,17): warning C4244:             T=float
C:\Users\infin\Desktop\OOPs_Final_project\QuattroRealm_final\main.cpp(924,17): warning C4244:         ]
C:\Users\infin\Desktop\OOPs_Final_project\QuattroRealm_final\main.cpp(1087,91): warning C4244: 'argument': conversion from '_Ty2' to 'float', possible loss of data
C:\Users\infin\Desktop\OOPs_Final_project\QuattroRealm_final\main.cpp(1087,91): warning C4244:         with
C:\Users\infin\Desktop\OOPs_Final_project\QuattroRealm_final\main.cpp(1087,91): warning C4244:         [
C:\Users\infin\Desktop\OOPs_Final_project\QuattroRealm_final\main.cpp(1087,91): warning C4244:             _Ty2=int
C:\Users\infin\Desktop\OOPs_Final_project\QuattroRealm_final\main.cpp(1087,91): warning C4244:         ]
C:\Users\infin\Desktop\OOPs_Final_project\QuattroRealm_final\main.cpp(1087,58): warning C4244: 'argument': conversion from '_Ty1' to 'float', possible loss of data
C:\Users\infin\Desktop\OOPs_Final_project\QuattroRealm_final\main.cpp(1087,58): warning C4244:         with
C:\Users\infin\Desktop\OOPs_Final_project\QuattroRealm_final\main.cpp(1087,58): warning C4244:         [
C:\Users\infin\Desktop\OOPs_Final_project\QuattroRealm_final\main.cpp(1087,58): warning C4244:             _Ty1=int
C:\Users\infin\Desktop\OOPs_Final_project\QuattroRealm_final\main.cpp(1087,58): warning C4244:         ]
C:\Users\infin\Desktop\OOPs_Final_project\QuattroRealm_final\main.cpp(1088,91): warning C4244: 'argument': conversion from '_Ty2' to 'float', possible loss of data
C:\Users\infin\Desktop\OOPs_Final_project\QuattroRealm_final\main.cpp(1088,91): warning C4244:         with
C:\Users\infin\Desktop\OOPs_Final_project\QuattroRealm_final\main.cpp(1088,91): warning C4244:         [
C:\Users\infin\Desktop\OOPs_Final_project\QuattroRealm_final\main.cpp(1088,91): warning C4244:             _Ty2=int
C:\Users\infin\Desktop\OOPs_Final_project\QuattroRealm_final\main.cpp(1088,91): warning C4244:         ]
C:\Users\infin\Desktop\OOPs_Final_project\QuattroRealm_final\main.cpp(1088,58): warning C4244: 'argument': conversion from '_Ty1' to 'float', possible loss of data
C:\Users\infin\Desktop\OOPs_Final_project\QuattroRealm_final\main.cpp(1088,58): warning C4244:         with
C:\Users\infin\Desktop\OOPs_Final_project\QuattroRealm_final\main.cpp(1088,58): warning C4244:         [
C:\Users\infin\Desktop\OOPs_Final_project\QuattroRealm_final\main.cpp(1088,58): warning C4244:             _Ty1=int
C:\Users\infin\Desktop\OOPs_Final_project\QuattroRealm_final\main.cpp(1088,58): warning C4244:         ]
C:\Users\infin\Desktop\OOPs_Final_project\QuattroRealm_final\main.cpp(1089,91): warning C4244: 'argument': conversion from '_Ty2' to 'float', possible loss of data
C:\Users\infin\Desktop\OOPs_Final_project\QuattroRealm_final\main.cpp(1089,91): warning C4244:         with
C:\Users\infin\Desktop\OOPs_Final_project\QuattroRealm_final\main.cpp(1089,91): warning C4244:         [
C:\Users\infin\Desktop\OOPs_Final_project\QuattroRealm_final\main.cpp(1089,91): warning C4244:             _Ty2=int
C:\Users\infin\Desktop\OOPs_Final_project\QuattroRealm_final\main.cpp(1089,91): warning C4244:         ]
C:\Users\infin\Desktop\OOPs_Final_project\QuattroRealm_final\main.cpp(1089,58): warning C4244: 'argument': conversion from '_Ty1' to 'float', possible loss of data
C:\Users\infin\Desktop\OOPs_Final_project\QuattroRealm_final\main.cpp(1089,58): warning C4244:         with
C:\Users\infin\Desktop\OOPs_Final_project\QuattroRealm_final\main.cpp(1089,58): warning C4244:         [
C:\Users\infin\Desktop\OOPs_Final_project\QuattroRealm_final\main.cpp(1089,58): warning C4244:             _Ty1=int
C:\Users\infin\Desktop\OOPs_Final_project\QuattroRealm_final\main.cpp(1089,58): warning C4244:         ]
C:\Users\infin\Desktop\OOPs_Final_project\QuattroRealm_final\main.cpp(1090,91): warning C4244: 'argument': conversion from '_Ty2' to 'float', possible loss of data
C:\Users\infin\Desktop\OOPs_Final_project\QuattroRealm_final\main.cpp(1090,91): warning C4244:         with
C:\Users\infin\Desktop\OOPs_Final_project\QuattroRealm_final\main.cpp(1090,91): warning C4244:         [
C:\Users\infin\Desktop\OOPs_Final_project\QuattroRealm_final\main.cpp(1090,91): warning C4244:             _Ty2=int
C:\Users\infin\Desktop\OOPs_Final_project\QuattroRealm_final\main.cpp(1090,91): warning C4244:         ]
C:\Users\infin\Desktop\OOPs_Final_project\QuattroRealm_final\main.cpp(1090,58): warning C4244: 'argument': conversion from '_Ty1' to 'float', possible loss of data
C:\Users\infin\Desktop\OOPs_Final_project\QuattroRealm_final\main.cpp(1090,58): warning C4244:         with
C:\Users\infin\Desktop\OOPs_Final_project\QuattroRealm_final\main.cpp(1090,58): warning C4244:         [
C:\Users\infin\Desktop\OOPs_Final_project\QuattroRealm_final\main.cpp(1090,58): warning C4244:             _Ty1=int
C:\Users\infin\Desktop\OOPs_Final_project\QuattroRealm_final\main.cpp(1090,58): warning C4244:         ]
C:\Users\infin\Desktop\OOPs_Final_project\QuattroRealm_final\main.cpp(1091,85): warning C4244: 'argument': conversion from '_Ty2' to 'float', possible loss of data
C:\Users\infin\Desktop\OOPs_Final_project\QuattroRealm_final\main.cpp(1091,85): warning C4244:         with
C:\Users\infin\Desktop\OOPs_Final_project\QuattroRealm_final\main.cpp(1091,85): warning C4244:         [
C:\Users\infin\Desktop\OOPs_Final_project\QuattroRealm_final\main.cpp(1091,85): warning C4244:             _Ty2=int
C:\Users\infin\Desktop\OOPs_Final_project\QuattroRealm_final\main.cpp(1091,85): warning C4244:         ]
C:\Users\infin\Desktop\OOPs_Final_project\QuattroRealm_final\main.cpp(1091,54): warning C4244: 'argument': conversion from '_Ty1' to 'float', possible loss of data
C:\Users\infin\Desktop\OOPs_Final_project\QuattroRealm_final\main.cpp(1091,54): warning C4244:         with
C:\Users\infin\Desktop\OOPs_Final_project\QuattroRealm_final\main.cpp(1091,54): warning C4244:         [
C:\Users\infin\Desktop\OOPs_Final_project\QuattroRealm_final\main.cpp(1091,54): warning C4244:             _Ty1=int
C:\Users\infin\Desktop\OOPs_Final_project\QuattroRealm_final\main.cpp(1091,54): warning C4244:         ]
C:\Users\infin\Desktop\OOPs_Final_project\QuattroRealm_final\main.cpp(1092,85): warning C4244: 'argument': conversion from '_Ty2' to 'float', possible loss of data
C:\Users\infin\Desktop\OOPs_Final_project\QuattroRealm_final\main.cpp(1092,85): warning C4244:         with
C:\Users\infin\Desktop\OOPs_Final_project\QuattroRealm_final\main.cpp(1092,85): warning C4244:         [
C:\Users\infin\Desktop\OOPs_Final_project\QuattroRealm_final\main.cpp(1092,85): warning C4244:             _Ty2=int
C:\Users\infin\Desktop\OOPs_Final_project\QuattroRealm_final\main.cpp(1092,85): warning C4244:         ]
C:\Users\infin\Desktop\OOPs_Final_project\QuattroRealm_final\main.cpp(1092,54): warning C4244: 'argument': conversion from '_Ty1' to 'float', possible loss of data
C:\Users\infin\Desktop\OOPs_Final_project\QuattroRealm_final\main.cpp(1092,54): warning C4244:         with
C:\Users\infin\Desktop\OOPs_Final_project\QuattroRealm_final\main.cpp(1092,54): warning C4244:         [
C:\Users\infin\Desktop\OOPs_Final_project\QuattroRealm_final\main.cpp(1092,54): warning C4244:             _Ty1=int
C:\Users\infin\Desktop\OOPs_Final_project\QuattroRealm_final\main.cpp(1092,54): warning C4244:         ]
C:\Users\infin\Desktop\OOPs_Final_project\QuattroRealm_final\main.cpp(1093,85): warning C4244: 'argument': conversion from '_Ty2' to 'float', possible loss of data
C:\Users\infin\Desktop\OOPs_Final_project\QuattroRealm_final\main.cpp(1093,85): warning C4244:         with
C:\Users\infin\Desktop\OOPs_Final_project\QuattroRealm_final\main.cpp(1093,85): warning C4244:         [
C:\Users\infin\Desktop\OOPs_Final_project\QuattroRealm_final\main.cpp(1093,85): warning C4244:             _Ty2=int
C:\Users\infin\Desktop\OOPs_Final_project\QuattroRealm_final\main.cpp(1093,85): warning C4244:         ]
C:\Users\infin\Desktop\OOPs_Final_project\QuattroRealm_final\main.cpp(1093,54): warning C4244: 'argument': conversion from '_Ty1' to 'float', possible loss of data
C:\Users\infin\Desktop\OOPs_Final_project\QuattroRealm_final\main.cpp(1093,54): warning C4244:         with
C:\Users\infin\Desktop\OOPs_Final_project\QuattroRealm_final\main.cpp(1093,54): warning C4244:         [
C:\Users\infin\Desktop\OOPs_Final_project\QuattroRealm_final\main.cpp(1093,54): warning C4244:             _Ty1=int
C:\Users\infin\Desktop\OOPs_Final_project\QuattroRealm_final\main.cpp(1093,54): warning C4244:         ]
C:\Users\infin\Desktop\OOPs_Final_project\QuattroRealm_final\main.cpp(1094,79): warning C4244: 'argument': conversion from '_Ty2' to 'float', possible loss of data
C:\Users\infin\Desktop\OOPs_Final_project\QuattroRealm_final\main.cpp(1094,79): warning C4244:         with
C:\Users\infin\Desktop\OOPs_Final_project\QuattroRealm_final\main.cpp(1094,79): warning C4244:         [
C:\Users\infin\Desktop\OOPs_Final_project\QuattroRealm_final\main.cpp(1094,79): warning C4244:             _Ty2=int
C:\Users\infin\Desktop\OOPs_Final_project\QuattroRealm_final\main.cpp(1094,79): warning C4244:         ]
C:\Users\infin\Desktop\OOPs_Final_project\QuattroRealm_final\main.cpp(1094,50): warning C4244: 'argument': conversion from '_Ty1' to 'float', possible loss of data
C:\Users\infin\Desktop\OOPs_Final_project\QuattroRealm_final\main.cpp(1094,50): warning C4244:         with
C:\Users\infin\Desktop\OOPs_Final_project\QuattroRealm_final\main.cpp(1094,50): warning C4244:         [
C:\Users\infin\Desktop\OOPs_Final_project\QuattroRealm_final\main.cpp(1094,50): warning C4244:             _Ty1=int
C:\Users\infin\Desktop\OOPs_Final_project\QuattroRealm_final\main.cpp(1094,50): warning C4244:         ]
C:\Users\infin\Desktop\OOPs_Final_project\QuattroRealm_final\main.cpp(1095,79): warning C4244: 'argument': conversion from '_Ty2' to 'float', possible loss of data
C:\Users\infin\Desktop\OOPs_Final_project\QuattroRealm_final\main.cpp(1095,79): warning C4244:         with
C:\Users\infin\Desktop\OOPs_Final_project\QuattroRealm_final\main.cpp(1095,79): warning C4244:         [
C:\Users\infin\Desktop\OOPs_Final_project\QuattroRealm_final\main.cpp(1095,79): warning C4244:             _Ty2=int
C:\Users\infin\Desktop\OOPs_Final_project\QuattroRealm_final\main.cpp(1095,79): warning C4244:         ]
C:\Users\infin\Desktop\OOPs_Final_project\QuattroRealm_final\main.cpp(1095,50): warning C4244: 'argument': conversion from '_Ty1' to 'float', possible loss of data
C:\Users\infin\Desktop\OOPs_Final_project\QuattroRealm_final\main.cpp(1095,50): warning C4244:         with
C:\Users\infin\Desktop\OOPs_Final_project\QuattroRealm_final\main.cpp(1095,50): warning C4244:         [
C:\Users\infin\Desktop\OOPs_Final_project\QuattroRealm_final\main.cpp(1095,50): warning C4244:             _Ty1=int
C:\Users\infin\Desktop\OOPs_Final_project\QuattroRealm_final\main.cpp(1095,50): warning C4244:         ]
C:\Users\infin\Desktop\OOPs_Final_project\QuattroRealm_final\main.cpp(1128,91): warning C4244: 'argument': conversion from '_Ty2' to 'float', possible loss of data
C:\Users\infin\Desktop\OOPs_Final_project\QuattroRealm_final\main.cpp(1128,91): warning C4244:         with
C:\Users\infin\Desktop\OOPs_Final_project\QuattroRealm_final\main.cpp(1128,91): warning C4244:         [
C:\Users\infin\Desktop\OOPs_Final_project\QuattroRealm_final\main.cpp(1128,91): warning C4244:             _Ty2=int
C:\Users\infin\Desktop\OOPs_Final_project\QuattroRealm_final\main.cpp(1128,91): warning C4244:         ]
C:\Users\infin\Desktop\OOPs_Final_project\QuattroRealm_final\main.cpp(1128,58): warning C4244: 'argument': conversion from '_Ty1' to 'float', possible loss of data
C:\Users\infin\Desktop\OOPs_Final_project\QuattroRealm_final\main.cpp(1128,58): warning C4244:         with
C:\Users\infin\Desktop\OOPs_Final_project\QuattroRealm_final\main.cpp(1128,58): warning C4244:         [
C:\Users\infin\Desktop\OOPs_Final_project\QuattroRealm_final\main.cpp(1128,58): warning C4244:             _Ty1=int
C:\Users\infin\Desktop\OOPs_Final_project\QuattroRealm_final\main.cpp(1128,58): warning C4244:         ]
C:\Users\infin\Desktop\OOPs_Final_project\QuattroRealm_final\main.cpp(1130,91): warning C4244: 'argument': conversion from '_Ty2' to 'float', possible loss of data
C:\Users\infin\Desktop\OOPs_Final_project\QuattroRealm_final\main.cpp(1130,91): warning C4244:         with
C:\Users\infin\Desktop\OOPs_Final_project\QuattroRealm_final\main.cpp(1130,91): warning C4244:         [
C:\Users\infin\Desktop\OOPs_Final_project\QuattroRealm_final\main.cpp(1130,91): warning C4244:             _Ty2=int
C:\Users\infin\Desktop\OOPs_Final_project\QuattroRealm_final\main.cpp(1130,91): warning C4244:         ]
C:\Users\infin\Desktop\OOPs_Final_project\QuattroRealm_final\main.cpp(1130,58): warning C4244: 'argument': conversion from '_Ty1' to 'float', possible loss of data
C:\Users\infin\Desktop\OOPs_Final_project\QuattroRealm_final\main.cpp(1130,58): warning C4244:         with
C:\Users\infin\Desktop\OOPs_Final_project\QuattroRealm_final\main.cpp(1130,58): warning C4244:         [
C:\Users\infin\Desktop\OOPs_Final_project\QuattroRealm_final\main.cpp(1130,58): warning C4244:             _Ty1=int
C:\Users\infin\Desktop\OOPs_Final_project\QuattroRealm_final\main.cpp(1130,58): warning C4244:         ]
C:\Users\infin\Desktop\OOPs_Final_project\QuattroRealm_final\main.cpp(1131,91): warning C4244: 'argument': conversion from '_Ty2' to 'float', possible loss of data
C:\Users\infin\Desktop\OOPs_Final_project\QuattroRealm_final\main.cpp(1131,91): warning C4244:         with
C:\Users\infin\Desktop\OOPs_Final_project\QuattroRealm_final\main.cpp(1131,91): warning C4244:         [
C:\Users\infin\Desktop\OOPs_Final_project\QuattroRealm_final\main.cpp(1131,91): warning C4244:             _Ty2=int
C:\Users\infin\Desktop\OOPs_Final_project\QuattroRealm_final\main.cpp(1131,91): warning C4244:         ]
C:\Users\infin\Desktop\OOPs_Final_project\QuattroRealm_final\main.cpp(1131,58): warning C4244: 'argument': conversion from '_Ty1' to 'float', possible loss of data
C:\Users\infin\Desktop\OOPs_Final_project\QuattroRealm_final\main.cpp(1131,58): warning C4244:         with
C:\Users\infin\Desktop\OOPs_Final_project\QuattroRealm_final\main.cpp(1131,58): warning C4244:         [
C:\Users\infin\Desktop\OOPs_Final_project\QuattroRealm_final\main.cpp(1131,58): warning C4244:             _Ty1=int
C:\Users\infin\Desktop\OOPs_Final_project\QuattroRealm_final\main.cpp(1131,58): warning C4244:         ]
C:\Users\infin\Desktop\OOPs_Final_project\QuattroRealm_final\main.cpp(1132,91): warning C4244: 'argument': conversion from '_Ty2' to 'float', possible loss of data
C:\Users\infin\Desktop\OOPs_Final_project\QuattroRealm_final\main.cpp(1132,91): warning C4244:         with
C:\Users\infin\Desktop\OOPs_Final_project\QuattroRealm_final\main.cpp(1132,91): warning C4244:         [
C:\Users\infin\Desktop\OOPs_Final_project\QuattroRealm_final\main.cpp(1132,91): warning C4244:             _Ty2=int
C:\Users\infin\Desktop\OOPs_Final_project\QuattroRealm_final\main.cpp(1132,91): warning C4244:         ]
C:\Users\infin\Desktop\OOPs_Final_project\QuattroRealm_final\main.cpp(1132,58): warning C4244: 'argument': conversion from '_Ty1' to 'float', possible loss of data
C:\Users\infin\Desktop\OOPs_Final_project\QuattroRealm_final\main.cpp(1132,58): warning C4244:         with
C:\Users\infin\Desktop\OOPs_Final_project\QuattroRealm_final\main.cpp(1132,58): warning C4244:         [
C:\Users\infin\Desktop\OOPs_Final_project\QuattroRealm_final\main.cpp(1132,58): warning C4244:             _Ty1=int
C:\Users\infin\Desktop\OOPs_Final_project\QuattroRealm_final\main.cpp(1132,58): warning C4244:         ]
C:\Users\infin\Desktop\OOPs_Final_project\QuattroRealm_final\main.cpp(1134,85): warning C4244: 'argument': conversion from '_Ty2' to 'float', possible loss of data
C:\Users\infin\Desktop\OOPs_Final_project\QuattroRealm_final\main.cpp(1134,85): warning C4244:         with
C:\Users\infin\Desktop\OOPs_Final_project\QuattroRealm_final\main.cpp(1134,85): warning C4244:         [
C:\Users\infin\Desktop\OOPs_Final_project\QuattroRealm_final\main.cpp(1134,85): warning C4244:             _Ty2=int
C:\Users\infin\Desktop\OOPs_Final_project\QuattroRealm_final\main.cpp(1134,85): warning C4244:         ]
C:\Users\infin\Desktop\OOPs_Final_project\QuattroRealm_final\main.cpp(1134,54): warning C4244: 'argument': conversion from '_Ty1' to 'float', possible loss of data
C:\Users\infin\Desktop\OOPs_Final_project\QuattroRealm_final\main.cpp(1134,54): warning C4244:         with
C:\Users\infin\Desktop\OOPs_Final_project\QuattroRealm_final\main.cpp(1134,54): warning C4244:         [
C:\Users\infin\Desktop\OOPs_Final_project\QuattroRealm_final\main.cpp(1134,54): warning C4244:             _Ty1=int
C:\Users\infin\Desktop\OOPs_Final_project\QuattroRealm_final\main.cpp(1134,54): warning C4244:         ]
C:\Users\infin\Desktop\OOPs_Final_project\QuattroRealm_final\main.cpp(1135,85): warning C4244: 'argument': conversion from '_Ty2' to 'float', possible loss of data
C:\Users\infin\Desktop\OOPs_Final_project\QuattroRealm_final\main.cpp(1135,85): warning C4244:         with
C:\Users\infin\Desktop\OOPs_Final_project\QuattroRealm_final\main.cpp(1135,85): warning C4244:         [
C:\Users\infin\Desktop\OOPs_Final_project\QuattroRealm_final\main.cpp(1135,85): warning C4244:             _Ty2=int
C:\Users\infin\Desktop\OOPs_Final_project\QuattroRealm_final\main.cpp(1135,85): warning C4244:         ]
C:\Users\infin\Desktop\OOPs_Final_project\QuattroRealm_final\main.cpp(1135,54): warning C4244: 'argument': conversion from '_Ty1' to 'float', possible loss of data
C:\Users\infin\Desktop\OOPs_Final_project\QuattroRealm_final\main.cpp(1135,54): warning C4244:         with
C:\Users\infin\Desktop\OOPs_Final_project\QuattroRealm_final\main.cpp(1135,54): warning C4244:         [
C:\Users\infin\Desktop\OOPs_Final_project\QuattroRealm_final\main.cpp(1135,54): warning C4244:             _Ty1=int
C:\Users\infin\Desktop\OOPs_Final_project\QuattroRealm_final\main.cpp(1135,54): warning C4244:         ]
C:\Users\infin\Desktop\OOPs_Final_project\QuattroRealm_final\main.cpp(1136,85): warning C4244: 'argument': conversion from '_Ty2' to 'float', possible loss of data
C:\Users\infin\Desktop\OOPs_Final_project\QuattroRealm_final\main.cpp(1136,85): warning C4244:         with
C:\Users\infin\Desktop\OOPs_Final_project\QuattroRealm_final\main.cpp(1136,85): warning C4244:         [
C:\Users\infin\Desktop\OOPs_Final_project\QuattroRealm_final\main.cpp(1136,85): warning C4244:             _Ty2=int
C:\Users\infin\Desktop\OOPs_Final_project\QuattroRealm_final\main.cpp(1136,85): warning C4244:         ]
C:\Users\infin\Desktop\OOPs_Final_project\QuattroRealm_final\main.cpp(1136,54): warning C4244: 'argument': conversion from '_Ty1' to 'float', possible loss of data
C:\Users\infin\Desktop\OOPs_Final_project\QuattroRealm_final\main.cpp(1136,54): warning C4244:         with
C:\Users\infin\Desktop\OOPs_Final_project\QuattroRealm_final\main.cpp(1136,54): warning C4244:         [
C:\Users\infin\Desktop\OOPs_Final_project\QuattroRealm_final\main.cpp(1136,54): warning C4244:             _Ty1=int
C:\Users\infin\Desktop\OOPs_Final_project\QuattroRealm_final\main.cpp(1136,54): warning C4244:         ]
C:\Users\infin\Desktop\OOPs_Final_project\QuattroRealm_final\main.cpp(1137,79): warning C4244: 'argument': conversion from '_Ty2' to 'float', possible loss of data
C:\Users\infin\Desktop\OOPs_Final_project\QuattroRealm_final\main.cpp(1137,79): warning C4244:         with
C:\Users\infin\Desktop\OOPs_Final_project\QuattroRealm_final\main.cpp(1137,79): warning C4244:         [
C:\Users\infin\Desktop\OOPs_Final_project\QuattroRealm_final\main.cpp(1137,79): warning C4244:             _Ty2=int
C:\Users\infin\Desktop\OOPs_Final_project\QuattroRealm_final\main.cpp(1137,79): warning C4244:         ]
C:\Users\infin\Desktop\OOPs_Final_project\QuattroRealm_final\main.cpp(1137,50): warning C4244: 'argument': conversion from '_Ty1' to 'float', possible loss of data
C:\Users\infin\Desktop\OOPs_Final_project\QuattroRealm_final\main.cpp(1137,50): warning C4244:         with
C:\Users\infin\Desktop\OOPs_Final_project\QuattroRealm_final\main.cpp(1137,50): warning C4244:         [
C:\Users\infin\Desktop\OOPs_Final_project\QuattroRealm_final\main.cpp(1137,50): warning C4244:             _Ty1=int
C:\Users\infin\Desktop\OOPs_Final_project\QuattroRealm_final\main.cpp(1137,50): warning C4244:         ]
C:\Users\infin\Desktop\OOPs_Final_project\QuattroRealm_final\main.cpp(1138,79): warning C4244: 'argument': conversion from '_Ty2' to 'float', possible loss of data
C:\Users\infin\Desktop\OOPs_Final_project\QuattroRealm_final\main.cpp(1138,79): warning C4244:         with
C:\Users\infin\Desktop\OOPs_Final_project\QuattroRealm_final\main.cpp(1138,79): warning C4244:         [
C:\Users\infin\Desktop\OOPs_Final_project\QuattroRealm_final\main.cpp(1138,79): warning C4244:             _Ty2=int
C:\Users\infin\Desktop\OOPs_Final_project\QuattroRealm_final\main.cpp(1138,79): warning C4244:         ]
C:\Users\infin\Desktop\OOPs_Final_project\QuattroRealm_final\main.cpp(1138,50): warning C4244: 'argument': conversion from '_Ty1' to 'float', possible loss of data
C:\Users\infin\Desktop\OOPs_Final_project\QuattroRealm_final\main.cpp(1138,50): warning C4244:         with
C:\Users\infin\Desktop\OOPs_Final_project\QuattroRealm_final\main.cpp(1138,50): warning C4244:         [
C:\Users\infin\Desktop\OOPs_Final_project\QuattroRealm_final\main.cpp(1138,50): warning C4244:             _Ty1=int
C:\Users\infin\Desktop\OOPs_Final_project\QuattroRealm_final\main.cpp(1138,50): warning C4244:         ]
C:\Users\infin\Desktop\OOPs_Final_project\QuattroRealm_final\main.cpp(1168,91): warning C4244: 'argument': conversion from '_Ty2' to 'float', possible loss of data
C:\Users\infin\Desktop\OOPs_Final_project\QuattroRealm_final\main.cpp(1168,91): warning C4244:         with
C:\Users\infin\Desktop\OOPs_Final_project\QuattroRealm_final\main.cpp(1168,91): warning C4244:         [
C:\Users\infin\Desktop\OOPs_Final_project\QuattroRealm_final\main.cpp(1168,91): warning C4244:             _Ty2=int
C:\Users\infin\Desktop\OOPs_Final_project\QuattroRealm_final\main.cpp(1168,91): warning C4244:         ]
C:\Users\infin\Desktop\OOPs_Final_project\QuattroRealm_final\main.cpp(1168,58): warning C4244: 'argument': conversion from '_Ty1' to 'float', possible loss of data
C:\Users\infin\Desktop\OOPs_Final_project\QuattroRealm_final\main.cpp(1168,58): warning C4244:         with
C:\Users\infin\Desktop\OOPs_Final_project\QuattroRealm_final\main.cpp(1168,58): warning C4244:         [
C:\Users\infin\Desktop\OOPs_Final_project\QuattroRealm_final\main.cpp(1168,58): warning C4244:             _Ty1=int
C:\Users\infin\Desktop\OOPs_Final_project\QuattroRealm_final\main.cpp(1168,58): warning C4244:         ]
C:\Users\infin\Desktop\OOPs_Final_project\QuattroRealm_final\main.cpp(1169,91): warning C4244: 'argument': conversion from '_Ty2' to 'float', possible loss of data
C:\Users\infin\Desktop\OOPs_Final_project\QuattroRealm_final\main.cpp(1169,91): warning C4244:         with
C:\Users\infin\Desktop\OOPs_Final_project\QuattroRealm_final\main.cpp(1169,91): warning C4244:         [
C:\Users\infin\Desktop\OOPs_Final_project\QuattroRealm_final\main.cpp(1169,91): warning C4244:             _Ty2=int
C:\Users\infin\Desktop\OOPs_Final_project\QuattroRealm_final\main.cpp(1169,91): warning C4244:         ]
C:\Users\infin\Desktop\OOPs_Final_project\QuattroRealm_final\main.cpp(1169,58): warning C4244: 'argument': conversion from '_Ty1' to 'float', possible loss of data
C:\Users\infin\Desktop\OOPs_Final_project\QuattroRealm_final\main.cpp(1169,58): warning C4244:         with
C:\Users\infin\Desktop\OOPs_Final_project\QuattroRealm_final\main.cpp(1169,58): warning C4244:         [
C:\Users\infin\Desktop\OOPs_Final_project\QuattroRealm_final\main.cpp(1169,58): warning C4244:             _Ty1=int
C:\Users\infin\Desktop\OOPs_Final_project\QuattroRealm_final\main.cpp(1169,58): warning C4244:         ]
C:\Users\infin\Desktop\OOPs_Final_project\QuattroRealm_final\main.cpp(1170,91): warning C4244: 'argument': conversion from '_Ty2' to 'float', possible loss of data
C:\Users\infin\Desktop\OOPs_Final_project\QuattroRealm_final\main.cpp(1170,91): warning C4244:         with
C:\Users\infin\Desktop\OOPs_Final_project\QuattroRealm_final\main.cpp(1170,91): warning C4244:         [
C:\Users\infin\Desktop\OOPs_Final_project\QuattroRealm_final\main.cpp(1170,91): warning C4244:             _Ty2=int
C:\Users\infin\Desktop\OOPs_Final_project\QuattroRealm_final\main.cpp(1170,91): warning C4244:         ]
C:\Users\infin\Desktop\OOPs_Final_project\QuattroRealm_final\main.cpp(1170,58): warning C4244: 'argument': conversion from '_Ty1' to 'float', possible loss of data
C:\Users\infin\Desktop\OOPs_Final_project\QuattroRealm_final\main.cpp(1170,58): warning C4244:         with
C:\Users\infin\Desktop\OOPs_Final_project\QuattroRealm_final\main.cpp(1170,58): warning C4244:         [
C:\Users\infin\Desktop\OOPs_Final_project\QuattroRealm_final\main.cpp(1170,58): warning C4244:             _Ty1=int
C:\Users\infin\Desktop\OOPs_Final_project\QuattroRealm_final\main.cpp(1170,58): warning C4244:         ]
C:\Users\infin\Desktop\OOPs_Final_project\QuattroRealm_final\main.cpp(1171,91): warning C4244: 'argument': conversion from '_Ty2' to 'float', possible loss of data
C:\Users\infin\Desktop\OOPs_Final_project\QuattroRealm_final\main.cpp(1171,91): warning C4244:         with
C:\Users\infin\Desktop\OOPs_Final_project\QuattroRealm_final\main.cpp(1171,91): warning C4244:         [
C:\Users\infin\Desktop\OOPs_Final_project\QuattroRealm_final\main.cpp(1171,91): warning C4244:             _Ty2=int
C:\Users\infin\Desktop\OOPs_Final_project\QuattroRealm_final\main.cpp(1171,91): warning C4244:         ]
C:\Users\infin\Desktop\OOPs_Final_project\QuattroRealm_final\main.cpp(1171,58): warning C4244: 'argument': conversion from '_Ty1' to 'float', possible loss of data
C:\Users\infin\Desktop\OOPs_Final_project\QuattroRealm_final\main.cpp(1171,58): warning C4244:         with
C:\Users\infin\Desktop\OOPs_Final_project\QuattroRealm_final\main.cpp(1171,58): warning C4244:         [
C:\Users\infin\Desktop\OOPs_Final_project\QuattroRealm_final\main.cpp(1171,58): warning C4244:             _Ty1=int
C:\Users\infin\Desktop\OOPs_Final_project\QuattroRealm_final\main.cpp(1171,58): warning C4244:         ]
C:\Users\infin\Desktop\OOPs_Final_project\QuattroRealm_final\main.cpp(1172,85): warning C4244: 'argument': conversion from '_Ty2' to 'float', possible loss of data
C:\Users\infin\Desktop\OOPs_Final_project\QuattroRealm_final\main.cpp(1172,85): warning C4244:         with
C:\Users\infin\Desktop\OOPs_Final_project\QuattroRealm_final\main.cpp(1172,85): warning C4244:         [
C:\Users\infin\Desktop\OOPs_Final_project\QuattroRealm_final\main.cpp(1172,85): warning C4244:             _Ty2=int
C:\Users\infin\Desktop\OOPs_Final_project\QuattroRealm_final\main.cpp(1172,85): warning C4244:         ]
C:\Users\infin\Desktop\OOPs_Final_project\QuattroRealm_final\main.cpp(1172,54): warning C4244: 'argument': conversion from '_Ty1' to 'float', possible loss of data
C:\Users\infin\Desktop\OOPs_Final_project\QuattroRealm_final\main.cpp(1172,54): warning C4244:         with
C:\Users\infin\Desktop\OOPs_Final_project\QuattroRealm_final\main.cpp(1172,54): warning C4244:         [
C:\Users\infin\Desktop\OOPs_Final_project\QuattroRealm_final\main.cpp(1172,54): warning C4244:             _Ty1=int
C:\Users\infin\Desktop\OOPs_Final_project\QuattroRealm_final\main.cpp(1172,54): warning C4244:         ]
C:\Users\infin\Desktop\OOPs_Final_project\QuattroRealm_final\main.cpp(1173,85): warning C4244: 'argument': conversion from '_Ty2' to 'float', possible loss of data
C:\Users\infin\Desktop\OOPs_Final_project\QuattroRealm_final\main.cpp(1173,85): warning C4244:         with
C:\Users\infin\Desktop\OOPs_Final_project\QuattroRealm_final\main.cpp(1173,85): warning C4244:         [
C:\Users\infin\Desktop\OOPs_Final_project\QuattroRealm_final\main.cpp(1173,85): warning C4244:             _Ty2=int
C:\Users\infin\Desktop\OOPs_Final_project\QuattroRealm_final\main.cpp(1173,85): warning C4244:         ]
C:\Users\infin\Desktop\OOPs_Final_project\QuattroRealm_final\main.cpp(1173,54): warning C4244: 'argument': conversion from '_Ty1' to 'float', possible loss of data
C:\Users\infin\Desktop\OOPs_Final_project\QuattroRealm_final\main.cpp(1173,54): warning C4244:         with
C:\Users\infin\Desktop\OOPs_Final_project\QuattroRealm_final\main.cpp(1173,54): warning C4244:         [
C:\Users\infin\Desktop\OOPs_Final_project\QuattroRealm_final\main.cpp(1173,54): warning C4244:             _Ty1=int
C:\Users\infin\Desktop\OOPs_Final_project\QuattroRealm_final\main.cpp(1173,54): warning C4244:         ]
C:\Users\infin\Desktop\OOPs_Final_project\QuattroRealm_final\main.cpp(1174,85): warning C4244: 'argument': conversion from '_Ty2' to 'float', possible loss of data
C:\Users\infin\Desktop\OOPs_Final_project\QuattroRealm_final\main.cpp(1174,85): warning C4244:         with
C:\Users\infin\Desktop\OOPs_Final_project\QuattroRealm_final\main.cpp(1174,85): warning C4244:         [
C:\Users\infin\Desktop\OOPs_Final_project\QuattroRealm_final\main.cpp(1174,85): warning C4244:             _Ty2=int
C:\Users\infin\Desktop\OOPs_Final_project\QuattroRealm_final\main.cpp(1174,85): warning C4244:         ]
C:\Users\infin\Desktop\OOPs_Final_project\QuattroRealm_final\main.cpp(1174,54): warning C4244: 'argument': conversion from '_Ty1' to 'float', possible loss of data
C:\Users\infin\Desktop\OOPs_Final_project\QuattroRealm_final\main.cpp(1174,54): warning C4244:         with
C:\Users\infin\Desktop\OOPs_Final_project\QuattroRealm_final\main.cpp(1174,54): warning C4244:         [
C:\Users\infin\Desktop\OOPs_Final_project\QuattroRealm_final\main.cpp(1174,54): warning C4244:             _Ty1=int
C:\Users\infin\Desktop\OOPs_Final_project\QuattroRealm_final\main.cpp(1174,54): warning C4244:         ]
C:\Users\infin\Desktop\OOPs_Final_project\QuattroRealm_final\main.cpp(1175,79): warning C4244: 'argument': conversion from '_Ty2' to 'float', possible loss of data
C:\Users\infin\Desktop\OOPs_Final_project\QuattroRealm_final\main.cpp(1175,79): warning C4244:         with
C:\Users\infin\Desktop\OOPs_Final_project\QuattroRealm_final\main.cpp(1175,79): warning C4244:         [
C:\Users\infin\Desktop\OOPs_Final_project\QuattroRealm_final\main.cpp(1175,79): warning C4244:             _Ty2=int
C:\Users\infin\Desktop\OOPs_Final_project\QuattroRealm_final\main.cpp(1175,79): warning C4244:         ]
C:\Users\infin\Desktop\OOPs_Final_project\QuattroRealm_final\main.cpp(1175,50): warning C4244: 'argument': conversion from '_Ty1' to 'float', possible loss of data
C:\Users\infin\Desktop\OOPs_Final_project\QuattroRealm_final\main.cpp(1175,50): warning C4244:         with
C:\Users\infin\Desktop\OOPs_Final_project\QuattroRealm_final\main.cpp(1175,50): warning C4244:         [
C:\Users\infin\Desktop\OOPs_Final_project\QuattroRealm_final\main.cpp(1175,50): warning C4244:             _Ty1=int
C:\Users\infin\Desktop\OOPs_Final_project\QuattroRealm_final\main.cpp(1175,50): warning C4244:         ]
C:\Users\infin\Desktop\OOPs_Final_project\QuattroRealm_final\main.cpp(1176,79): warning C4244: 'argument': conversion from '_Ty2' to 'float', possible loss of data
C:\Users\infin\Desktop\OOPs_Final_project\QuattroRealm_final\main.cpp(1176,79): warning C4244:         with
C:\Users\infin\Desktop\OOPs_Final_project\QuattroRealm_final\main.cpp(1176,79): warning C4244:         [
C:\Users\infin\Desktop\OOPs_Final_project\QuattroRealm_final\main.cpp(1176,79): warning C4244:             _Ty2=int
C:\Users\infin\Desktop\OOPs_Final_project\QuattroRealm_final\main.cpp(1176,79): warning C4244:         ]
C:\Users\infin\Desktop\OOPs_Final_project\QuattroRealm_final\main.cpp(1176,50): warning C4244: 'argument': conversion from '_Ty1' to 'float', possible loss of data
C:\Users\infin\Desktop\OOPs_Final_project\QuattroRealm_final\main.cpp(1176,50): warning C4244:         with
C:\Users\infin\Desktop\OOPs_Final_project\QuattroRealm_final\main.cpp(1176,50): warning C4244:         [
C:\Users\infin\Desktop\OOPs_Final_project\QuattroRealm_final\main.cpp(1176,50): warning C4244:             _Ty1=int
C:\Users\infin\Desktop\OOPs_Final_project\QuattroRealm_final\main.cpp(1176,50): warning C4244:         ]
C:\Users\infin\Desktop\OOPs_Final_project\QuattroRealm_final\main.cpp(1207,91): warning C4244: 'argument': conversion from '_Ty2' to 'float', possible loss of data
C:\Users\infin\Desktop\OOPs_Final_project\QuattroRealm_final\main.cpp(1207,91): warning C4244:         with
C:\Users\infin\Desktop\OOPs_Final_project\QuattroRealm_final\main.cpp(1207,91): warning C4244:         [
C:\Users\infin\Desktop\OOPs_Final_project\QuattroRealm_final\main.cpp(1207,91): warning C4244:             _Ty2=int
C:\Users\infin\Desktop\OOPs_Final_project\QuattroRealm_final\main.cpp(1207,91): warning C4244:         ]
C:\Users\infin\Desktop\OOPs_Final_project\QuattroRealm_final\main.cpp(1207,58): warning C4244: 'argument': conversion from '_Ty1' to 'float', possible loss of data
C:\Users\infin\Desktop\OOPs_Final_project\QuattroRealm_final\main.cpp(1207,58): warning C4244:         with
C:\Users\infin\Desktop\OOPs_Final_project\QuattroRealm_final\main.cpp(1207,58): warning C4244:         [
C:\Users\infin\Desktop\OOPs_Final_project\QuattroRealm_final\main.cpp(1207,58): warning C4244:             _Ty1=int
C:\Users\infin\Desktop\OOPs_Final_project\QuattroRealm_final\main.cpp(1207,58): warning C4244:         ]
C:\Users\infin\Desktop\OOPs_Final_project\QuattroRealm_final\main.cpp(1208,91): warning C4244: 'argument': conversion from '_Ty2' to 'float', possible loss of data
C:\Users\infin\Desktop\OOPs_Final_project\QuattroRealm_final\main.cpp(1208,91): warning C4244:         with
C:\Users\infin\Desktop\OOPs_Final_project\QuattroRealm_final\main.cpp(1208,91): warning C4244:         [
C:\Users\infin\Desktop\OOPs_Final_project\QuattroRealm_final\main.cpp(1208,91): warning C4244:             _Ty2=int
C:\Users\infin\Desktop\OOPs_Final_project\QuattroRealm_final\main.cpp(1208,91): warning C4244:         ]
C:\Users\infin\Desktop\OOPs_Final_project\QuattroRealm_final\main.cpp(1208,58): warning C4244: 'argument': conversion from '_Ty1' to 'float', possible loss of data
C:\Users\infin\Desktop\OOPs_Final_project\QuattroRealm_final\main.cpp(1208,58): warning C4244:         with
C:\Users\infin\Desktop\OOPs_Final_project\QuattroRealm_final\main.cpp(1208,58): warning C4244:         [
C:\Users\infin\Desktop\OOPs_Final_project\QuattroRealm_final\main.cpp(1208,58): warning C4244:             _Ty1=int
C:\Users\infin\Desktop\OOPs_Final_project\QuattroRealm_final\main.cpp(1208,58): warning C4244:         ]
C:\Users\infin\Desktop\OOPs_Final_project\QuattroRealm_final\main.cpp(1209,91): warning C4244: 'argument': conversion from '_Ty2' to 'float', possible loss of data
C:\Users\infin\Desktop\OOPs_Final_project\QuattroRealm_final\main.cpp(1209,91): warning C4244:         with
C:\Users\infin\Desktop\OOPs_Final_project\QuattroRealm_final\main.cpp(1209,91): warning C4244:         [
C:\Users\infin\Desktop\OOPs_Final_project\QuattroRealm_final\main.cpp(1209,91): warning C4244:             _Ty2=int
C:\Users\infin\Desktop\OOPs_Final_project\QuattroRealm_final\main.cpp(1209,91): warning C4244:         ]
C:\Users\infin\Desktop\OOPs_Final_project\QuattroRealm_final\main.cpp(1209,58): warning C4244: 'argument': conversion from '_Ty1' to 'float', possible loss of data
C:\Users\infin\Desktop\OOPs_Final_project\QuattroRealm_final\main.cpp(1209,58): warning C4244:         with
C:\Users\infin\Desktop\OOPs_Final_project\QuattroRealm_final\main.cpp(1209,58): warning C4244:         [
C:\Users\infin\Desktop\OOPs_Final_project\QuattroRealm_final\main.cpp(1209,58): warning C4244:             _Ty1=int
C:\Users\infin\Desktop\OOPs_Final_project\QuattroRealm_final\main.cpp(1209,58): warning C4244:         ]
C:\Users\infin\Desktop\OOPs_Final_project\QuattroRealm_final\main.cpp(1210,91): warning C4244: 'argument': conversion from '_Ty2' to 'float', possible loss of data
C:\Users\infin\Desktop\OOPs_Final_project\QuattroRealm_final\main.cpp(1210,91): warning C4244:         with
C:\Users\infin\Desktop\OOPs_Final_project\QuattroRealm_final\main.cpp(1210,91): warning C4244:         [
C:\Users\infin\Desktop\OOPs_Final_project\QuattroRealm_final\main.cpp(1210,91): warning C4244:             _Ty2=int
C:\Users\infin\Desktop\OOPs_Final_project\QuattroRealm_final\main.cpp(1210,91): warning C4244:         ]
C:\Users\infin\Desktop\OOPs_Final_project\QuattroRealm_final\main.cpp(1210,58): warning C4244: 'argument': conversion from '_Ty1' to 'float', possible loss of data
C:\Users\infin\Desktop\OOPs_Final_project\QuattroRealm_final\main.cpp(1210,58): warning C4244:         with
C:\Users\infin\Desktop\OOPs_Final_project\QuattroRealm_final\main.cpp(1210,58): warning C4244:         [
C:\Users\infin\Desktop\OOPs_Final_project\QuattroRealm_final\main.cpp(1210,58): warning C4244:             _Ty1=int
C:\Users\infin\Desktop\OOPs_Final_project\QuattroRealm_final\main.cpp(1210,58): warning C4244:         ]
C:\Users\infin\Desktop\OOPs_Final_project\QuattroRealm_final\main.cpp(1211,85): warning C4244: 'argument': conversion from '_Ty2' to 'float', possible loss of data
C:\Users\infin\Desktop\OOPs_Final_project\QuattroRealm_final\main.cpp(1211,85): warning C4244:         with
C:\Users\infin\Desktop\OOPs_Final_project\QuattroRealm_final\main.cpp(1211,85): warning C4244:         [
C:\Users\infin\Desktop\OOPs_Final_project\QuattroRealm_final\main.cpp(1211,85): warning C4244:             _Ty2=int
C:\Users\infin\Desktop\OOPs_Final_project\QuattroRealm_final\main.cpp(1211,85): warning C4244:         ]
C:\Users\infin\Desktop\OOPs_Final_project\QuattroRealm_final\main.cpp(1211,54): warning C4244: 'argument': conversion from '_Ty1' to 'float', possible loss of data
C:\Users\infin\Desktop\OOPs_Final_project\QuattroRealm_final\main.cpp(1211,54): warning C4244:         with
C:\Users\infin\Desktop\OOPs_Final_project\QuattroRealm_final\main.cpp(1211,54): warning C4244:         [
C:\Users\infin\Desktop\OOPs_Final_project\QuattroRealm_final\main.cpp(1211,54): warning C4244:             _Ty1=int
C:\Users\infin\Desktop\OOPs_Final_project\QuattroRealm_final\main.cpp(1211,54): warning C4244:         ]
C:\Users\infin\Desktop\OOPs_Final_project\QuattroRealm_final\main.cpp(1212,85): warning C4244: 'argument': conversion from '_Ty2' to 'float', possible loss of data
C:\Users\infin\Desktop\OOPs_Final_project\QuattroRealm_final\main.cpp(1212,85): warning C4244:         with
C:\Users\infin\Desktop\OOPs_Final_project\QuattroRealm_final\main.cpp(1212,85): warning C4244:         [
C:\Users\infin\Desktop\OOPs_Final_project\QuattroRealm_final\main.cpp(1212,85): warning C4244:             _Ty2=int
C:\Users\infin\Desktop\OOPs_Final_project\QuattroRealm_final\main.cpp(1212,85): warning C4244:         ]
C:\Users\infin\Desktop\OOPs_Final_project\QuattroRealm_final\main.cpp(1212,54): warning C4244: 'argument': conversion from '_Ty1' to 'float', possible loss of data
C:\Users\infin\Desktop\OOPs_Final_project\QuattroRealm_final\main.cpp(1212,54): warning C4244:         with
C:\Users\infin\Desktop\OOPs_Final_project\QuattroRealm_final\main.cpp(1212,54): warning C4244:         [
C:\Users\infin\Desktop\OOPs_Final_project\QuattroRealm_final\main.cpp(1212,54): warning C4244:             _Ty1=int
C:\Users\infin\Desktop\OOPs_Final_project\QuattroRealm_final\main.cpp(1212,54): warning C4244:         ]
C:\Users\infin\Desktop\OOPs_Final_project\QuattroRealm_final\main.cpp(1213,85): warning C4244: 'argument': conversion from '_Ty2' to 'float', possible loss of data
C:\Users\infin\Desktop\OOPs_Final_project\QuattroRealm_final\main.cpp(1213,85): warning C4244:         with
C:\Users\infin\Desktop\OOPs_Final_project\QuattroRealm_final\main.cpp(1213,85): warning C4244:         [
C:\Users\infin\Desktop\OOPs_Final_project\QuattroRealm_final\main.cpp(1213,85): warning C4244:             _Ty2=int
C:\Users\infin\Desktop\OOPs_Final_project\QuattroRealm_final\main.cpp(1213,85): warning C4244:         ]
C:\Users\infin\Desktop\OOPs_Final_project\QuattroRealm_final\main.cpp(1213,54): warning C4244: 'argument': conversion from '_Ty1' to 'float', possible loss of data
C:\Users\infin\Desktop\OOPs_Final_project\QuattroRealm_final\main.cpp(1213,54): warning C4244:         with
C:\Users\infin\Desktop\OOPs_Final_project\QuattroRealm_final\main.cpp(1213,54): warning C4244:         [
C:\Users\infin\Desktop\OOPs_Final_project\QuattroRealm_final\main.cpp(1213,54): warning C4244:             _Ty1=int
C:\Users\infin\Desktop\OOPs_Final_project\QuattroRealm_final\main.cpp(1213,54): warning C4244:         ]
C:\Users\infin\Desktop\OOPs_Final_project\QuattroRealm_final\main.cpp(1214,79): warning C4244: 'argument': conversion from '_Ty2' to 'float', possible loss of data
C:\Users\infin\Desktop\OOPs_Final_project\QuattroRealm_final\main.cpp(1214,79): warning C4244:         with
C:\Users\infin\Desktop\OOPs_Final_project\QuattroRealm_final\main.cpp(1214,79): warning C4244:         [
C:\Users\infin\Desktop\OOPs_Final_project\QuattroRealm_final\main.cpp(1214,79): warning C4244:             _Ty2=int
C:\Users\infin\Desktop\OOPs_Final_project\QuattroRealm_final\main.cpp(1214,79): warning C4244:         ]
C:\Users\infin\Desktop\OOPs_Final_project\QuattroRealm_final\main.cpp(1214,50): warning C4244: 'argument': conversion from '_Ty1' to 'float', possible loss of data
C:\Users\infin\Desktop\OOPs_Final_project\QuattroRealm_final\main.cpp(1214,50): warning C4244:         with
C:\Users\infin\Desktop\OOPs_Final_project\QuattroRealm_final\main.cpp(1214,50): warning C4244:         [
C:\Users\infin\Desktop\OOPs_Final_project\QuattroRealm_final\main.cpp(1214,50): warning C4244:             _Ty1=int
C:\Users\infin\Desktop\OOPs_Final_project\QuattroRealm_final\main.cpp(1214,50): warning C4244:         ]
C:\Users\infin\Desktop\OOPs_Final_project\QuattroRealm_final\main.cpp(1215,79): warning C4244: 'argument': conversion from '_Ty2' to 'float', possible loss of data
C:\Users\infin\Desktop\OOPs_Final_project\QuattroRealm_final\main.cpp(1215,79): warning C4244:         with
C:\Users\infin\Desktop\OOPs_Final_project\QuattroRealm_final\main.cpp(1215,79): warning C4244:         [
C:\Users\infin\Desktop\OOPs_Final_project\QuattroRealm_final\main.cpp(1215,79): warning C4244:             _Ty2=int
C:\Users\infin\Desktop\OOPs_Final_project\QuattroRealm_final\main.cpp(1215,79): warning C4244:         ]
C:\Users\infin\Desktop\OOPs_Final_project\QuattroRealm_final\main.cpp(1215,50): warning C4244: 'argument': conversion from '_Ty1' to 'float', possible loss of data
C:\Users\infin\Desktop\OOPs_Final_project\QuattroRealm_final\main.cpp(1215,50): warning C4244:         with
C:\Users\infin\Desktop\OOPs_Final_project\QuattroRealm_final\main.cpp(1215,50): warning C4244:         [
C:\Users\infin\Desktop\OOPs_Final_project\QuattroRealm_final\main.cpp(1215,50): warning C4244:             _Ty1=int
C:\Users\infin\Desktop\OOPs_Final_project\QuattroRealm_final\main.cpp(1215,50): warning C4244:         ]
  QuattroRealm_final.vcxproj -> C:\Users\infin\Desktop\OOPs_Final_project\QuattroRealm_final\Debug\QuattroRealm_final.exe
